<?xml version="1.0" encoding="UTF-8"?>
<testng-results ignored="0" total="1" passed="1" failed="0" skipped="0">
  <reporter-output>
  </reporter-output>
  <suite started-at="2022-04-24T14:02:08 AST" name="Default suite" finished-at="2022-04-24T14:02:17 AST" duration-ms="9451">
    <groups>
    </groups>
    <test started-at="2022-04-24T14:02:08 AST" name="Default test" finished-at="2022-04-24T14:02:17 AST" duration-ms="9451">
      <class name="rahulshettyacademy.ExtentReports.ExtentReportDemo">
        <test-method is-config="true" signature="config()[pri:0, instance:rahulshettyacademy.ExtentReports.ExtentReportDemo@2dde1bff]" started-at="2022-04-24T14:02:08 AST" name="config" finished-at="2022-04-24T14:02:08 AST" duration-ms="166" status="PASS">
          <reporter-output>
          </reporter-output>
        </test-method> <!-- config -->
        <test-method signature="initialDemo()[pri:0, instance:rahulshettyacademy.ExtentReports.ExtentReportDemo@2dde1bff]" started-at="2022-04-24T14:02:08 AST" name="initialDemo" finished-at="2022-04-24T14:02:17 AST" duration-ms="9259" status="PASS">
          <reporter-output>
          </reporter-output>
        </test-method> <!-- initialDemo -->
      </class> <!-- rahulshettyacademy.ExtentReports.ExtentReportDemo -->
    </test> <!-- Default test -->
  </suite> <!-- Default suite -->
</testng-results>
